<?xml version="1.0" encoding="UTF-8"?>
<!-- Generated by org.testng.reporters.JUnitReportReporter -->
<testsuite hostname="DESKTOP-9TOLTE6" failures="0" tests="4" name="testcase.CreateAccountTC" time="68.526" errors="0" timestamp="2024-01-21T19:30:29 IST" skipped="0">
  <testcase classname="testcase.CreateAccountTC" name="TC_CreateAccount_01" time="16.416"/>
  <testcase classname="testcase.CreateAccountTC" name="TC_CreateAccount_02" time="17.162"/>
  <testcase classname="testcase.CreateAccountTC" name="TC_CreateAccount_03" time="18.010"/>
  <testcase classname="testcase.CreateAccountTC" name="TC_CreateAccount_04" time="16.938"/>
</testsuite> <!-- testcase.CreateAccountTC -->
