<?xml version="1.0" encoding="UTF-8"?>
<!-- Generated by org.testng.reporters.JUnitReportReporter -->
<testsuite hostname="DESKTOP-9TOLTE6" failures="0" tests="1" name="TestCases.CreateNewCustomerAccountTestCases" time="9.585" errors="0" timestamp="2024-10-02T19:54:28 IST" skipped="0">
  <testcase classname="TestCases.CreateNewCustomerAccountTestCases" name="AccountCreation_TC_048_Email_ErrorMessage_Verification_WhenEmpty" time="9.585"/>
</testsuite> <!-- TestCases.CreateNewCustomerAccountTestCases -->
