<?xml version="1.0" encoding="UTF-8"?>
<!-- Generated by org.testng.reporters.JUnitReportReporter -->
<testsuite hostname="DESKTOP-9TOLTE6" failures="0" tests="1" name="TestCases.SignIn_TestCases" time="21.576" errors="0" timestamp="2024-08-24T19:55:57 IST" skipped="0">
  <testcase classname="TestCases.SignIn_TestCases" name="SignIn_TC_035_ForgetPasswordPage_AllTheElements" time="21.576"/>
</testsuite> <!-- TestCases.SignIn_TestCases -->
