<?xml version="1.0" encoding="UTF-8"?>
<!-- Generated by org.testng.reporters.JUnitReportReporter -->
<testsuite hostname="DESKTOP-9TOLTE6" failures="0" tests="1" name="TestCases.CreateNewCustomerAccountTestCases" time="15.570" errors="0" timestamp="2024-10-08T20:42:58 IST" skipped="0">
  <testcase classname="TestCases.CreateNewCustomerAccountTestCases" name="AccountCreation_TC_52_Create_an_accountWith_SameFirst_And_LastName" time="15.570"/>
</testsuite> <!-- TestCases.CreateNewCustomerAccountTestCases -->
