<?xml version="1.0" encoding="UTF-8"?>
<!-- Generated by org.testng.reporters.JUnitReportReporter -->
<testsuite hostname="DESKTOP-9TOLTE6" failures="0" tests="1" name="DemoScript.FirstScript" time="46.925" errors="0" timestamp="2024-08-12T13:11:35 IST" skipped="0">
  <testcase classname="DemoScript.FirstScript" name="TestCase1" time="46.925"/>
</testsuite> <!-- DemoScript.FirstScript -->
