<?xml version="1.0" encoding="UTF-8"?>
<!-- Generated by org.testng.reporters.JUnitReportReporter -->
<testsuite hostname="DESKTOP-9TOLTE6" failures="0" tests="1" name="TestCases.CreateNewCustomerAccountTestCases" time="13.336" errors="0" timestamp="2024-10-06T18:54:36 IST" skipped="0">
  <testcase classname="TestCases.CreateNewCustomerAccountTestCases" name="AccountCreation_TC_51_Create_an_account" time="13.336"/>
</testsuite> <!-- TestCases.CreateNewCustomerAccountTestCases -->
