<?xml version="1.0" encoding="UTF-8"?>
<!-- Generated by org.testng.reporters.JUnitReportReporter -->
<testsuite hostname="DESKTOP-9TOLTE6" failures="0" tests="1" name="TestCases.CreateNewCustomerAccountTestCases" time="14.105" errors="0" timestamp="2024-10-01T20:19:26 IST" skipped="0">
  <testcase classname="TestCases.CreateNewCustomerAccountTestCases" name="AccountCreation_TC_047_Last_Name_ErrorMessage_Verification_WhenEmpty" time="14.105"/>
</testsuite> <!-- TestCases.CreateNewCustomerAccountTestCases -->
