<?xml version="1.0" encoding="UTF-8"?>
<!-- Generated by org.testng.reporters.JUnitReportReporter -->
<testsuite hostname="DESKTOP-9TOLTE6" failures="0" tests="2" name="TestRunner.Run" time="0.373" errors="0" timestamp="2024-07-03T19:05:27 IST" skipped="0">
  <testcase classname="TestRunner.Run" name="runScenario" time="0.060"/>
  <testcase classname="TestRunner.Run" name="runScenario" time="0.313"/>
</testsuite> <!-- TestRunner.Run -->
