<?xml version="1.0" encoding="UTF-8"?>
<!-- Generated by org.testng.reporters.JUnitReportReporter -->
<testsuite hostname="DESKTOP-9TOLTE6" failures="0" tests="1" name="testcase.CreateAccountTC" time="30.269" errors="0" timestamp="2024-01-03T22:42:43 IST" skipped="0">
  <testcase classname="testcase.CreateAccountTC" name="TC_CreateAccount_01" time="30.269"/>
</testsuite> <!-- testcase.CreateAccountTC -->
