<?xml version="1.0" encoding="UTF-8"?>
<!-- Generated by org.testng.reporters.JUnitReportReporter -->
<testsuite hostname="DESKTOP-9TOLTE6" failures="0" tests="1" name="TestCases.CreateNewCustomerAccountTestCases" time="13.040" errors="0" timestamp="2024-10-04T20:03:54 IST" skipped="0">
  <testcase classname="TestCases.CreateNewCustomerAccountTestCases" name="AccountCreation_TC_50_ComfirmPassword_ErrorMessage_Verification_WhenEmpty" time="13.040"/>
</testsuite> <!-- TestCases.CreateNewCustomerAccountTestCases -->
